
===================================================

Cell	#Total Tweets	#Number of Languages Used

A1 	21 		2
A2 	23 		3
A3 	11 		3
A4 	85 		4
B1 	184 		5
B2 	508 		13
B3 	642 		13
B4 	470 		11
C1 	47 		5
C2 	97 		7
C3 	4522 		31
C4 	969 		22
D1 	98 		7
D2 	33 		2
D3 	162 		8
D4 	3 		1

===================================================

#Top 10 Languages & #Tweets

English 	 7329
Japanese 	 79
Spanish 	 59
Indonesian 	 52
Portuguese 	 27
Romanian 	 22
Italian 	 20
German 	 19
French 	 18
Thai 	 11

===================================================
Job ID           : 34353637
Cluster          : spartan
User/Project     : zhcai/comp90024
Nodes            : 1
Wall-clock time  : 00:04:59 / 00:10:00

Displaying overall resources usage from 2022-03-25 22:19:39 to 2022-03-25 22:24:38:

NODE            CPU#        TOT%   ( USR   / SYS   / WIO   / IDLE  ) 

spartan-bm088 : 
                CPU# 1    : 97.1   (  91.4 /   5.7 /   0.0 /   2.9 ) 


Allocated CPUs            : 1    
  CPUs with usage <25%    : 0    
  CPUs with usage <50%    : 0    
  CPUs with usage >50%    : 1    

Memory used (RAM)         : 0.1%  [4MB of 4000MB]

--------------------------------------------

