
===================================================

Cell	#Total Tweets	#Number of Languages Used	#Top 10 Languages & #Tweets

A1 	21 		2 				('English-20', 'French-1')
A2 	22 		2 				('English-21', 'Japanese-1')
A3 	11 		3 				('English-9', 'Thai-1', 'Indonesian-1')
A4 	85 		4 				('English-80', 'Turkish-2', 'French-2', 'Spanish-1')
B1 	184 		5 				('English-179', 'tl-2', 'Danish-1', 'ca-1', 'ht-1')
B2 	504 		12 				('English-482', 'zh-5', 'Italian-4', 'Japanese-3', 'German-2', 'tl-2', 'Portuguese-1', 'Finnish-1', 'Spanish-1', 'Hindi-1')
B3 	641 		12 				('English-610', 'zh-5', 'Japanese-5', 'Indonesian-5', 'Romanian-4', 'Spanish-3', 'Portuguese-3', 'ca-2', 'tl-1', 'Danish-1')
B4 	469 		10 				('English-450', 'Japanese-8', 'Portuguese-3', 'Italian-2', 'German-1', 'Spanish-1', 'Turkish-1', 'Dutch-1', 'French-1', 'Indonesian-1')
C1 	46 		4 				('English-42', 'French-2', 'German-1', 'ht-1')
C2 	95 		6 				('English-84', 'Indonesian-6', 'Spanish-2', 'zh-1', 'Romanian-1', 'French-1')
C3 	4480 		30 				('English-4186', 'Japanese-56', 'Spanish-42', 'Indonesian-32', 'ca-24', 'Portuguese-15', 'zh-13', 'tl-13', 'German-12', 'Romanian-11')
C4 	962 		21 				('English-888', 'ht-17', 'Japanese-6', 'Romanian-6', 'Indonesian-6', 'Spanish-5', 'et-5', 'Italian-5', 'tl-4', 'ca-3')
D1 	97 		6 				('English-90', 'Portuguese-2', 'cy-2', 'Spanish-1', 'ca-1', 'lt-1')
D2 	33 		2 				('English-31', 'Spanish-2')
D3 	160 		7 				('English-154', 'Spanish-1', 'et-1', 'Portuguese-1', 'Thai-1', 'tl-1', 'ca-1')
D4 	3 		1 				('English-3',)

===================================================
Job ID           : 34499145
Cluster          : spartan
User/Project     : zhcai/comp90024
Nodes            : 1
Wall-clock time  : 00:03:58 / 00:10:00

Displaying overall resources usage from 2022-03-30 00:17:51 to 2022-03-30 00:21:49:

NODE            CPU#        TOT%   ( USR   / SYS   / WIO   / IDLE  ) 

spartan-bm105 : 
                CPU# 1    : 94.3   (  91.7 /   2.6 /   0.0 /   5.7 ) 


Allocated CPUs            : 1    
  CPUs with usage <25%    : 0    
  CPUs with usage <50%    : 0    
  CPUs with usage >50%    : 1    

Memory used (RAM)         : 0.1%  [4MB of 4000MB]

--------------------------------------------

