
===================================================

Cell	#Total Tweets	#Number of Languages Used

A1 	21 		2
A2 	23 		3
A3 	11 		3
A4 	85 		4
B1 	184 		5
B2 	508 		13
B3 	642 		13
B4 	470 		11
C1 	47 		5
C2 	97 		7
C3 	4522 		31
C4 	969 		22
D1 	98 		7
D2 	33 		2
D3 	162 		8
D4 	3 		1

===================================================

#Top 10 Languages & #Tweets

English 	 7329
Japanese 	 79
Spanish 	 59
Indonesian 	 52
Portuguese 	 27
Romanian 	 22
Italian 	 20
German 	 19
French 	 18
Thai 	 11

===================================================
Job ID           : 34333493
Cluster          : spartan
User/Project     : zhcai/comp90024
Nodes            : 2
Wall-clock time  : 00:00:47 / 00:10:00

Displaying overall resources usage from 2022-03-24 22:27:55 to 2022-03-24 22:28:42:

NODE            CPU#        TOT%   ( USR   / SYS   / WIO   / IDLE  ) 

spartan-bm102 : 
                CPU# 1    : 56.3   (  52.4 /   4.0 /   0.0 /  43.7 ) 
                CPU# 2    : 56.1   (  52.4 /   3.7 /   0.0 /  43.9 ) 
                CPU# 3    : 55.9   (  52.2 /   3.7 /   0.0 /  44.1 ) 
                CPU# 4    : 56.0   (  52.6 /   3.4 /   0.0 /  44.0 ) 

spartan-bm105 : 
                CPU# 5    : 76.4   (  70.4 /   6.0 /   0.1 /  23.5 ) 
                CPU# 6    : 76.3   (  70.2 /   6.0 /   0.1 /  23.6 ) 
                CPU# 7    : 76.4   (  70.2 /   6.2 /   0.1 /  23.5 ) 
                CPU# 8    : 76.7   (  70.2 /   6.5 /   0.1 /  23.2 ) 


Allocated CPUs            : 8    
  CPUs with usage <25%    : 0    
  CPUs with usage <50%    : 0    
  CPUs with usage >50%    : 8    

Memory used (RAM)         : 0.0%  [4MB of 32000MB]

--------------------------------------------

